# JRE version: OpenJDK Runtime Environment (8.0_151-b12) (build 1.8.0_151-8u151-b12-0ubuntu0.17.04.2-b12)
# Java VM: OpenJDK 64-Bit Server VM (25.151-b12 mixed mode linux-amd64 compressed oops)
Heap:
 PSYoungGen      total 283648K, used 61353K [0x00000000eab00000, 0x0000000100000000, 0x0000000100000000)
  eden space 237568K, 6% used [0x00000000eab00000,0x00000000eba665e0,0x00000000f9300000)
  from space 46080K, 98% used [0x00000000f9300000,0x00000000fbf83e30,0x00000000fc000000)
  to   space 59904K, 0% used [0x00000000fc580000,0x00000000fc580000,0x0000000100000000)
 ParOldGen       total 699392K, used 80845K [0x00000000c0000000, 0x00000000eab00000, 0x00000000eab00000)
  object space 699392K, 11% used [0x00000000c0000000,0x00000000c4ef3540,0x00000000eab00000)
 Metaspace       used 117259K, capacity 132853K, committed 132864K, reserved 1165312K
  class space    used 16176K, capacity 17141K, committed 17152K, reserved 1048576K
GC Heap History (10 events):
Event: 40.996 GC heap before
{Heap before GC invocations=13 (full 5):
 PSYoungGen      total 305664K, used 290633K [0x00000000eab00000, 0x0000000100000000, 0x0000000100000000)
  eden space 262144K, 100% used [0x00000000eab00000,0x00000000fab00000,0x00000000fab00000)
  from space 43520K, 65% used [0x00000000fab00000,0x00000000fc6d2738,0x00000000fd580000)
  to   space 42496K, 0% used [0x00000000fd680000,0x00000000fd680000,0x0000000100000000)
 ParOldGen       total 699392K, used 42046K [0x00000000c0000000, 0x00000000eab00000, 0x00000000eab00000)
  object space 699392K, 6% used [0x00000000c0000000,0x00000000c290f848,0x00000000eab00000)
 Metaspace       used 82391K, capacity 93243K, committed 93312K, reserved 1130496K
  class space    used 11690K, capacity 12356K, committed 12416K, reserved 1048576K
Event: 41.058 GC heap after
Heap after GC invocations=13 (full 5):
 PSYoungGen      total 305664K, used 26954K [0x00000000eab00000, 0x0000000100000000, 0x0000000100000000)
  eden space 263168K, 0% used [0x00000000eab00000,0x00000000eab00000,0x00000000fac00000)
  from space 42496K, 63% used [0x00000000fd680000,0x00000000ff0d2b38,0x0000000100000000)
  to   space 43008K, 0% used [0x00000000fac00000,0x00000000fac00000,0x00000000fd600000)
 ParOldGen       total 699392K, used 42054K [0x00000000c0000000, 0x00000000eab00000, 0x00000000eab00000)
  object space 699392K, 6% used [0x00000000c0000000,0x00000000c2911848,0x00000000eab00000)
 Metaspace       used 82391K, capacity 93243K, committed 93312K, reserved 1130496K
  class space    used 11690K, capacity 12356K, committed 12416K, reserved 1048576K
}
Event: 64.543 GC heap before
{Heap before GC invocations=14 (full 5):
 PSYoungGen      total 305664K, used 290122K [0x00000000eab00000, 0x0000000100000000, 0x0000000100000000)
  eden space 263168K, 100% used [0x00000000eab00000,0x00000000fac00000,0x00000000fac00000)
  from space 42496K, 63% used [0x00000000fd680000,0x00000000ff0d2b38,0x0000000100000000)
  to   space 43008K, 0% used [0x00000000fac00000,0x00000000fac00000,0x00000000fd600000)
 ParOldGen       total 699392K, used 42054K [0x00000000c0000000, 0x00000000eab00000, 0x00000000eab00000)
  object space 699392K, 6% used [0x00000000c0000000,0x00000000c2911848,0x00000000eab00000)
 Metaspace       used 98045K, capacity 110441K, committed 110720K, reserved 1144832K
  class space    used 13859K, capacity 14595K, committed 14720K, reserved 1048576K
Event: 64.706 GC heap after
Heap after GC invocations=14 (full 5):
 PSYoungGen      total 306176K, used 42996K [0x00000000eab00000, 0x0000000100000000, 0x0000000100000000)
  eden space 263168K, 0% used [0x00000000eab00000,0x00000000eab00000,0x00000000fac00000)
  from space 43008K, 99% used [0x00000000fac00000,0x00000000fd5fd1e8,0x00000000fd600000)
  to   space 43008K, 0% used [0x00000000fd600000,0x00000000fd600000,0x0000000100000000)
 ParOldGen       total 699392K, used 48254K [0x00000000c0000000, 0x00000000eab00000, 0x00000000eab00000)
  object space 699392K, 6% used [0x00000000c0000000,0x00000000c2f1f990,0x00000000eab00000)
 Metaspace       used 98045K, capacity 110441K, committed 110720K, reserved 1144832K
  class space    used 13859K, capacity 14595K, committed 14720K, reserved 1048576K
}
Event: 66.390 GC heap before
{Heap before GC invocations=15 (full 5):
 PSYoungGen      total 306176K, used 106794K [0x00000000eab00000, 0x0000000100000000, 0x0000000100000000)
  eden space 263168K, 24% used [0x00000000eab00000,0x00000000ee94d7a8,0x00000000fac00000)
  from space 43008K, 99% used [0x00000000fac00000,0x00000000fd5fd1e8,0x00000000fd600000)
  to   space 43008K, 0% used [0x00000000fd600000,0x00000000fd600000,0x0000000100000000)
 ParOldGen       total 699392K, used 48254K [0x00000000c0000000, 0x00000000eab00000, 0x00000000eab00000)
  object space 699392K, 6% used [0x00000000c0000000,0x00000000c2f1f990,0x00000000eab00000)
 Metaspace       used 103034K, capacity 116127K, committed 116224K, reserved 1150976K
  class space    used 14489K, capacity 15317K, committed 15360K, reserved 1048576K
Event: 66.488 GC heap after
Heap after GC invocations=15 (full 5):
 PSYoungGen      total 280576K, used 40145K [0x00000000eab00000, 0x0000000100000000, 0x0000000100000000)
  eden space 237568K, 0% used [0x00000000eab00000,0x00000000eab00000,0x00000000f9300000)
  from space 43008K, 93% used [0x00000000fd600000,0x00000000ffd34458,0x0000000100000000)
  to   space 55808K, 0% used [0x00000000f9300000,0x00000000f9300000,0x00000000fc980000)
 ParOldGen       total 699392K, used 48254K [0x00000000c0000000, 0x00000000eab00000, 0x00000000eab00000)
  object space 699392K, 6% used [0x00000000c0000000,0x00000000c2f1f990,0x00000000eab00000)
 Metaspace       used 103034K, capacity 116127K, committed 116224K, reserved 1150976K
  class space    used 14489K, capacity 15317K, committed 15360K, reserved 1048576K
}
Event: 66.488 GC heap before
{Heap before GC invocations=16 (full 6):
 PSYoungGen      total 280576K, used 40145K [0x00000000eab00000, 0x0000000100000000, 0x0000000100000000)
  eden space 237568K, 0% used [0x00000000eab00000,0x00000000eab00000,0x00000000f9300000)
  from space 43008K, 93% used [0x00000000fd600000,0x00000000ffd34458,0x0000000100000000)
  to   space 55808K, 0% used [0x00000000f9300000,0x00000000f9300000,0x00000000fc980000)
 ParOldGen       total 699392K, used 48254K [0x00000000c0000000, 0x00000000eab00000, 0x00000000eab00000)
  object space 699392K, 6% used [0x00000000c0000000,0x00000000c2f1f990,0x00000000eab00000)
 Metaspace       used 103034K, capacity 116127K, committed 116224K, reserved 1150976K
  class space    used 14489K, capacity 15317K, committed 15360K, reserved 1048576K
Event: 67.046 GC heap after
Heap after GC invocations=16 (full 6):
 PSYoungGen      total 280576K, used 0K [0x00000000eab00000, 0x0000000100000000, 0x0000000100000000)
  eden space 237568K, 0% used [0x00000000eab00000,0x00000000eab00000,0x00000000f9300000)
  from space 43008K, 0% used [0x00000000fd600000,0x00000000fd600000,0x0000000100000000)
  to   space 55808K, 0% used [0x00000000f9300000,0x00000000f9300000,0x00000000fc980000)
 ParOldGen       total 699392K, used 80837K [0x00000000c0000000, 0x00000000eab00000, 0x00000000eab00000)
  object space 699392K, 11% used [0x00000000c0000000,0x00000000c4ef1540,0x00000000eab00000)
 Metaspace       used 103031K, capacity 116121K, committed 116224K, reserved 1150976K
  class space    used 14489K, capacity 15315K, committed 15360K, reserved 1048576K
}
Event: 83.183 GC heap before
{Heap before GC invocations=17 (full 6):
 PSYoungGen      total 280576K, used 237568K [0x00000000eab00000, 0x0000000100000000, 0x0000000100000000)
  eden space 237568K, 100% used [0x00000000eab00000,0x00000000f9300000,0x00000000f9300000)
  from space 43008K, 0% used [0x00000000fd600000,0x00000000fd600000,0x0000000100000000)
  to   space 55808K, 0% used [0x00000000f9300000,0x00000000f9300000,0x00000000fc980000)
 ParOldGen       total 699392K, used 80837K [0x00000000c0000000, 0x00000000eab00000, 0x00000000eab00000)
  object space 699392K, 11% used [0x00000000c0000000,0x00000000c4ef1540,0x00000000eab00000)
 Metaspace       used 116458K, capacity 131927K, committed 132096K, reserved 1165312K
  class space    used 16073K, capacity 17057K, committed 17152K, reserved 1048576K
Event: 83.314 GC heap after
Heap after GC invocations=17 (full 6):
 PSYoungGen      total 283648K, used 45583K [0x00000000eab00000, 0x0000000100000000, 0x0000000100000000)
  eden space 237568K, 0% used [0x00000000eab00000,0x00000000eab00000,0x00000000f9300000)
  from space 46080K, 98% used [0x00000000f9300000,0x00000000fbf83e30,0x00000000fc000000)
  to   space 59904K, 0% used [0x00000000fc580000,0x00000000fc580000,0x0000000100000000)
 ParOldGen       total 699392K, used 80845K [0x00000000c0000000, 0x00000000eab00000, 0x00000000eab00000)
  object space 699392K, 11% used [0x00000000c0000000,0x00000000c4ef3540,0x00000000eab00000)
 Metaspace       used 116458K, capacity 131927K, committed 132096K, reserved 1165312K
  class space    used 16073K, capacity 17057K, committed 17152K, reserved 1048576K
}

